run,thread_Dedup,thread_Swaptions,startTime,end_Dedup,end_Swaptions
0,32,32,1522222681.7,1522222720.0,1522222712.2
0,16,32,1522222720.1,1522222758.4,1522222750.8
0,8,32,1522222758.5,1522222796.0,1522222790.9
0,4,32,1522222796.1,1522222831.8,1522222826.9
0,2,32,1522222831.9,1522222872.2,1522222864.4
0,32,16,1522222872.3,1522222909.5,1522222901.7
0,16,16,1522222909.6,1522222945.4,1522222939.6
0,8,16,1522222945.5,1522222980.5,1522222975.8
0,4,16,1522222980.6,1522223014.3,1522223011.1
0,2,16,1522223014.4,1522223052.4,1522223045.2
0,32,8,1522223052.6,1522223083.4,1522223108.9
0,16,8,1522223109.0,1522223144.2,1522223166.6
0,8,8,1522223166.7,1522223207.5,1522223228.7
0,4,8,1522223228.8,1522223260.8,1522223288.2
0,2,8,1522223288.3,1522223316.1,1522223347.9
0,32,4,1522223348.0,1522223372.0,1522223433.7
0,16,4,1522223433.8,1522223454.5,1522223518.5
0,8,4,1522223518.6,1522223573.4,1522223613.3
0,4,4,1522223613.4,1522223627.1,1522223699.1
0,2,4,1522223699.2,1522223714.8,1522223783.2
0,32,2,1522223783.3,1522223802.6,1522223946.1
0,16,2,1522223946.2,1522224087.7,1522224136.8
0,8,2,1522224136.9,1522224155.1,1522224301.4
0,4,2,1522224301.5,1522224314.0,1522224464.4
0,2,2,1522224464.5,1522224478.4,1522224627.7
0,32,1,1522224627.8,1522224645.4,1522224951.6
0,16,1,1522224951.7,1522224966.7,1522225277.1
0,8,1,1522225277.2,1522225287.4,1522225600.9
0,4,1,1522225601.0,1522225611.4,1522225923.6
0,2,1,1522225923.7,1522225937.0,1522226248.0
1,32,32,1522226248.1,1522226302.9,1522226292.6
1,16,32,1522226303.0,1522226431.9,1522226345.2
1,8,32,1522226432.0,1522226471.9,1522226467.3
1,4,32,1522226472.0,1522226512.3,1522226506.2
1,2,32,1522226512.4,1522226558.5,1522226549.4
1,32,16,1522226558.6,1522226603.3,1522226594.6
1,16,16,1522226603.4,1522226646.2,1522226639.4
1,8,16,1522226646.3,1522226688.2,1522226682.0
1,4,16,1522226688.4,1522226729.2,1522226724.2
1,2,16,1522226729.3,1522226773.3,1522226765.4
1,32,8,1522226773.4,1522226793.3,1522226823.7
1,16,8,1522226823.8,1522226845.7,1522226874.9
1,8,8,1522226875.0,1522226892.3,1522226928.6
1,4,8,1522226928.7,1522226943.3,1522226979.3
1,2,8,1522226979.4,1522226994.5,1522227027.4
1,32,4,1522227027.5,1522227041.9,1522227109.7
1,16,4,1522227109.8,1522227123.2,1522227191.8
1,8,4,1522227191.9,1522227201.7,1522227274.1
1,4,4,1522227274.2,1522227283.7,1522227356.3
1,2,4,1522227356.4,1522227371.7,1522227440.7
1,32,2,1522227440.8,1522227458.8,1522227603.0
1,16,2,1522227603.2,1522227619.5,1522227765.2
1,8,2,1522227765.3,1522227784.9,1522227929.7
1,4,2,1522227929.8,1522227941.6,1522228091.9
1,2,2,1522228092.0,1522228105.7,1522228255.6
1,32,1,1522228255.7,1522228273.3,1522228577.8
1,16,1,1522228577.9,1522228592.8,1522228900.9
1,8,1,1522228901.0,1522228911.5,1522229224.7
1,4,1,1522229224.8,1522229235.2,1522229547.4
1,2,1,1522229547.5,1522229561.1,1522229870.3
2,32,32,1522229870.4,1522229923.8,1522229912.2
2,16,32,1522229923.9,1522229973.0,1522229961.8
2,8,32,1522229973.1,1522230022.0,1522230013.1
2,4,32,1522230022.1,1522230073.7,1522230068.0
2,2,32,1522230073.8,1522230126.4,1522230116.7
2,32,16,1522230126.5,1522230179.5,1522230167.7
2,16,16,1522230179.6,1522230234.2,1522230223.5
2,8,16,1522230234.3,1522230280.9,1522230273.0
2,4,16,1522230281.0,1522230328.6,1522230322.6
2,2,16,1522230328.7,1522230380.4,1522230370.4
2,32,8,1522230380.5,1522230422.0,1522230439.2
2,16,8,1522230439.3,1522230591.3,1522230503.1
2,8,8,1522230591.4,1522230632.1,1522230650.2
2,4,8,1522230650.3,1522230681.5,1522230708.7
2,2,8,1522230708.8,1522230735.9,1522230768.1
2,32,4,1522230768.3,1522230791.1,1522230853.7
2,16,4,1522230853.8,1522230866.7,1522230935.8
2,8,4,1522230935.9,1522230944.0,1522231018.1
2,4,4,1522231018.2,1522231027.1,1522231100.0
2,2,4,1522231100.1,1522231113.2,1522231182.2
2,32,2,1522231182.3,1522231195.0,1522231345.4
2,16,2,1522231345.5,1522231357.3,1522231508.7
2,8,2,1522231508.8,1522231516.8,1522231671.6
2,4,2,1522231671.7,1522231680.3,1522231835.1
2,2,2,1522231835.2,1522231848.6,1522231997.8
2,32,1,1522231997.9,1522232010.2,1522232322.9
2,16,1,1522232323.0,1522232334.9,1522232644.4
2,8,1,1522232644.5,1522232652.0,1522232965.7
2,4,1,1522232965.8,1522232975.4,1522233288.8
2,2,1,1522233288.9,1522233302.1,1522233611.1
3,32,32,1522233611.2,1522233649.6,1522233641.7
3,16,32,1522233649.7,1522233687.0,1522233680.3
3,8,32,1522233687.1,1522233723.6,1522233717.9
3,4,32,1522233723.7,1522233759.0,1522233754.0
3,2,32,1522233759.1,1522233798.6,1522233790.0
3,32,16,1522233798.7,1522233836.9,1522233829.9
3,16,16,1522233837.0,1522233873.3,1522233867.1
3,8,16,1522233873.4,1522233905.4,1522233902.3
3,4,16,1522233905.5,1522233939.3,1522233934.7
3,2,16,1522233939.4,1522233977.1,1522233969.6
3,32,8,1522233977.2,1522233993.1,1522234022.3
3,16,8,1522234022.4,1522234038.0,1522234067.3
3,8,8,1522234067.4,1522234079.9,1522234115.6
3,4,8,1522234115.7,1522234126.6,1522234158.4
3,2,8,1522234158.5,1522234172.2,1522234200.6
3,32,4,1522234200.7,1522234214.1,1522234282.9
3,16,4,1522234283.0,1522234295.9,1522234364.8
3,8,4,1522234364.9,1522234375.3,1522234447.5
3,4,4,1522234447.6,1522234456.4,1522234532.7
3,2,4,1522234532.8,1522234546.2,1522234621.3
3,32,2,1522234621.4,1522234634.3,1522234784.8
3,16,2,1522234784.9,1522234797.3,1522234947.9
3,8,2,1522234948.0,1522234955.7,1522235110.3
3,4,2,1522235110.4,1522235119.4,1522235273.9
3,2,2,1522235274.0,1522235287.4,1522235437.3
3,32,1,1522235437.4,1522235450.0,1522235760.8
3,16,1,1522235760.9,1522235773.0,1522236083.1
3,8,1,1522236083.2,1522236092.5,1522236404.8
3,4,1,1522236404.9,1522236415.6,1522236727.6
3,2,1,1522236727.7,1522236741.9,1522237050.6
4,32,32,1522237050.7,1522237102.8,1522237089.4
4,16,32,1522237102.9,1522237158.3,1522237147.7
4,8,32,1522237158.4,1522237212.1,1522237203.8
4,4,32,1522237212.2,1522237260.2,1522237254.0
4,2,32,1522237260.3,1522237311.9,1522237302.2
4,32,16,1522237312.0,1522237366.2,1522237352.6
4,16,16,1522237366.3,1522237417.2,1522237406.5
4,8,16,1522237417.3,1522237464.3,1522237458.7
4,4,16,1522237464.4,1522237512.3,1522237506.7
4,2,16,1522237512.4,1522237564.9,1522237555.1
4,32,8,1522237565.0,1522237610.3,1522237628.8
4,16,8,1522237629.0,1522237668.2,1522237688.8
4,8,8,1522237688.9,1522237718.2,1522237747.2
4,4,8,1522237747.3,1522237779.7,1522237806.2
4,2,8,1522237806.3,1522237835.7,1522237866.8
4,32,4,1522237866.9,1522237893.4,1522237955.0
4,16,4,1522237955.1,1522237978.1,1522238040.9
4,8,4,1522238041.0,1522238062.4,1522238129.1
4,4,4,1522238129.2,1522238147.7,1522238215.7
4,2,4,1522238215.8,1522238232.3,1522238301.1
4,32,2,1522238301.2,1522238322.4,1522238464.6
4,16,2,1522238464.7,1522238484.2,1522238627.7
4,8,2,1522238627.8,1522238651.7,1522238795.5
4,4,2,1522238795.6,1522238807.9,1522238957.9
4,2,2,1522238958.0,1522238972.5,1522239120.8
4,32,1,1522239120.9,1522239139.9,1522239443.8
4,16,1,1522239443.9,1522239461.5,1522239766.8
4,8,1,1522239766.9,1522239783.4,1522240089.3
4,4,1,1522240089.4,1522240100.2,1522240412.1
4,2,1,1522240412.2,1522240425.8,1522240734.4
5,32,32,1522240734.5,1522240788.0,1522240776.1
5,16,32,1522240788.1,1522240839.2,1522240829.6
5,8,32,1522240839.3,1522240890.4,1522240880.1
5,4,32,1522240890.5,1522240937.5,1522240932.5
5,2,32,1522240937.6,1522240988.5,1522240978.5
5,32,16,1522240988.6,1522241042.1,1522241030.5
5,16,16,1522241042.2,1522241092.5,1522241082.6
5,8,16,1522241092.6,1522241140.4,1522241133.1
5,4,16,1522241140.5,1522241190.0,1522241184.7
5,2,16,1522241190.1,1522241240.2,1522241230.2
5,32,8,1522241240.3,1522241257.6,1522241285.0
5,16,8,1522241285.1,1522241301.0,1522241327.5
5,8,8,1522241327.6,1522241340.3,1522241372.7
5,4,8,1522241372.8,1522241383.7,1522241418.4
5,2,8,1522241418.5,1522241432.5,1522241465.7
5,32,4,1522241465.8,1522241479.3,1522241548.5
5,16,4,1522241548.6,1522241570.4,1522241634.6
5,8,4,1522241634.7,1522241642.7,1522241730.0
5,4,4,1522241730.1,1522241739.3,1522241812.3
5,2,4,1522241812.4,1522241825.8,1522241894.5
5,32,2,1522241894.6,1522241907.6,1522242058.9
5,16,2,1522242059.0,1522242071.1,1522242221.4
5,8,2,1522242221.5,1522242231.1,1522242384.5
5,4,2,1522242384.6,1522242393.1,1522242548.3
5,2,2,1522242548.4,1522242561.8,1522242711.9
5,32,1,1522242712.0,1522242724.7,1522243032.5
5,16,1,1522243032.6,1522243044.2,1522243355.2
5,8,1,1522243355.3,1522243364.5,1522243679.0
5,4,1,1522243679.1,1522243688.0,1522243998.0
5,2,1,1522243998.1,1522244011.5,1522244317.4
6,32,32,1522244317.5,1522244357.4,1522244350.6
6,16,32,1522244357.5,1522244394.2,1522244387.4
6,8,32,1522244394.3,1522244431.3,1522244425.3
6,4,32,1522244431.4,1522244467.0,1522244462.2
6,2,32,1522244467.1,1522244507.0,1522244498.5
6,32,16,1522244507.2,1522244544.6,1522244537.9
6,16,16,1522244544.7,1522244582.3,1522244576.7
6,8,16,1522244582.4,1522244615.4,1522244612.1
6,4,16,1522244615.5,1522244650.0,1522244647.7
6,2,16,1522244650.1,1522244689.1,1522244680.3
6,32,8,1522244689.2,1522244706.0,1522244740.4
6,16,8,1522244740.5,1522244755.5,1522244783.0
6,8,8,1522244783.1,1522244796.7,1522244828.7
6,4,8,1522244828.8,1522244839.2,1522244871.3
6,2,8,1522244871.4,1522244885.3,1522244916.3
6,32,4,1522244916.4,1522244929.9,1522244998.3
6,16,4,1522244998.4,1522245011.2,1522245080.7
6,8,4,1522245080.8,1522245088.9,1522245163.1
6,4,4,1522245163.2,1522245172.2,1522245252.2
6,2,4,1522245252.3,1522245265.4,1522245334.4
6,32,2,1522245334.5,1522245347.4,1522245498.6
6,16,2,1522245498.7,1522245510.8,1522245662.9
6,8,2,1522245663.0,1522245672.5,1522245826.7
6,4,2,1522245826.8,1522245836.1,1522245990.6
6,2,2,1522245990.7,1522246004.3,1522246153.2
6,32,1,1522246153.3,1522246166.0,1522246476.8
6,16,1,1522246476.9,1522246488.4,1522246799.6
6,8,1,1522246799.7,1522246807.2,1522247121.6
6,4,1,1522247121.7,1522247130.5,1522247443.2
6,2,1,1522247443.3,1522247457.1,1522247762.6
7,32,32,1522247762.7,1522247800.9,1522247793.0
7,16,32,1522247801.0,1522247838.3,1522247832.6
7,8,32,1522247838.4,1522247874.7,1522247869.0
7,4,32,1522247874.8,1522247910.1,1522247905.9
7,2,32,1522247910.2,1522247949.9,1522247940.2
7,32,16,1522247950.0,1522247987.4,1522247980.5
7,16,16,1522247987.5,1522248024.6,1522248018.8
7,8,16,1522248024.7,1522248056.7,1522248053.5
7,4,16,1522248056.9,1522248090.9,1522248087.1
7,2,16,1522248091.0,1522248127.9,1522248122.3
7,32,8,1522248128.0,1522248148.0,1522248176.6
7,16,8,1522248176.7,1522248193.2,1522248223.3
7,8,8,1522248223.4,1522248236.1,1522248268.5
7,4,8,1522248268.6,1522248279.1,1522248313.6
7,2,8,1522248313.7,1522248327.5,1522248358.0
7,32,4,1522248358.1,1522248371.5,1522248440.2
7,16,4,1522248440.3,1522248453.6,1522248522.2
7,8,4,1522248522.3,1522248532.3,1522248607.2
7,4,4,1522248607.3,1522248624.3,1522248695.0
7,2,4,1522248695.1,1522248712.3,1522248782.2
7,32,2,1522248782.3,1522248804.6,1522248945.7
7,16,2,1522248945.9,1522248958.2,1522249108.4
7,8,2,1522249108.5,1522249136.3,1522249281.7
7,4,2,1522249281.8,1522249290.9,1522249445.3
7,2,2,1522249445.4,1522249460.8,1522249608.0
7,32,1,1522249608.1,1522249620.6,1522249929.4
7,16,1,1522249929.5,1522250064.3,1522250282.2
7,8,1,1522250282.3,1522250295.0,1522250613.6
7,4,1,1522250613.7,1522250623.9,1522250941.6
7,2,1,1522250941.7,1522250955.0,1522251264.4
8,32,32,1522251264.6,1522251318.9,1522251307.2
8,16,32,1522251319.0,1522251465.1,1522251361.4
8,8,32,1522251465.2,1522251516.0,1522251508.3
8,4,32,1522251516.1,1522251564.9,1522251558.7
8,2,32,1522251565.0,1522251617.6,1522251607.6
8,32,16,1522251617.7,1522251672.2,1522251661.9
8,16,16,1522251672.3,1522251718.5,1522251712.1
8,8,16,1522251718.6,1522251758.4,1522251754.4
8,4,16,1522251758.5,1522251799.0,1522251795.5
8,2,16,1522251799.1,1522251838.3,1522251830.0
8,32,8,1522251838.4,1522251855.5,1522251880.9
8,16,8,1522251881.0,1522251896.7,1522251925.8
8,8,8,1522251925.9,1522251993.2,1522251987.5
8,4,8,1522251993.3,1522252025.7,1522252052.5
8,2,8,1522252052.6,1522252076.5,1522252112.6
8,32,4,1522252112.8,1522252129.1,1522252196.5
8,16,4,1522252196.6,1522252209.7,1522252279.1
8,8,4,1522252279.2,1522252287.1,1522252361.9
8,4,4,1522252362.0,1522252370.7,1522252447.5
8,2,4,1522252447.6,1522252461.1,1522252530.8
8,32,2,1522252530.9,1522252549.5,1522252693.8
8,16,2,1522252693.9,1522252710.9,1522252856.4
8,8,2,1522252856.5,1522252870.3,1522253019.4
8,4,2,1522253019.5,1522253031.5,1522253181.3
8,2,2,1522253181.4,1522253195.4,1522253342.1
8,32,1,1522253342.3,1522253359.1,1522253665.3
8,16,1,1522253665.4,1522253682.1,1522253990.9
